<?xml version="1.0" encoding="UTF-8"?>
<testsuite name="com.roxys.rental.menu.CustomerMenuTest" tests="4" skipped="0" failures="0" errors="0" timestamp="2024-03-13T20:46:36" hostname="LAPTOP-0QTBBGQU" time="1.785">
  <properties/>
  <testcase name="testAddCustomer()" classname="com.roxys.rental.menu.CustomerMenuTest" time="1.152"/>
  <testcase name="testCustomerEmptyList()" classname="com.roxys.rental.menu.CustomerMenuTest" time="0.103"/>
  <testcase name="testDeleteCustomer()" classname="com.roxys.rental.menu.CustomerMenuTest" time="0.328"/>
  <testcase name="testCustomerList()" classname="com.roxys.rental.menu.CustomerMenuTest" time="0.191"/>
  <system-out><![CDATA[[]
[CustomerDetails{id=23, firstName='a', lastName='a', dateOfBirth=2020-01-08, adress='bb 2', city='bbb'}]
[]
[CustomerDetails{id=25, firstName='a', lastName='a', dateOfBirth=2020-01-08, adress='bb 2', city='bbb'}, CustomerDetails{id=26, firstName='b', lastName='b', dateOfBirth=2020-01-08, adress='aa 2', city='aaa'}]
]]></system-out>
  <system-err><![CDATA[]]></system-err>
</testsuite>
