<?xml version="1.0" encoding="UTF-8"?>
<testsuite name="com.roxys.rental.CalculatorTest" tests="6" skipped="0" failures="0" errors="0" timestamp="2024-02-05T19:56:38" hostname="LAPTOP-0QTBBGQU" time="0.047">
  <properties/>
  <testcase name="testSum()" classname="com.roxys.rental.CalculatorTest" time="0.028"/>
  <testcase name="testIsPositive()" classname="com.roxys.rental.CalculatorTest" time="0.002"/>
  <testcase name="testIsNegative()" classname="com.roxys.rental.CalculatorTest" time="0.002"/>
  <testcase name="testNegativeNumberSum()" classname="com.roxys.rental.CalculatorTest" time="0.001"/>
  <testcase name="testIsMaximum()" classname="com.roxys.rental.CalculatorTest" time="0.001"/>
  <testcase name="testIsZero()" classname="com.roxys.rental.CalculatorTest" time="0.0"/>
  <system-out><![CDATA[]]></system-out>
  <system-err><![CDATA[]]></system-err>
</testsuite>
